e:\personal\engine\graficos-1\graficos-1\objs\vc143.pdb
e:\personal\engine\graficos-1\graficos-1\objs\vc143.idb
e:\personal\engine\graficos-1\graficos-1\objs\graficos-1.obj
e:\personal\engine\graficos-1\graficos-1\objs\game.obj
e:\personal\engine_graficos2\engine\graficos-1\objs\vc143.pdb
e:\personal\engine_graficos2\engine\graficos-1\objs\vc143.idb
e:\personal\engine_graficos2\engine\graficos-1\objs\graficos-1.obj
e:\personal\engine_graficos2\engine\graficos-1\objs\game.obj
c:\users\lucas\documents\github\engine_graficos2\engine\graficos-1\win32\debug\graficos-1.lib
c:\users\lucas\documents\github\engine_graficos2\engine\graficos-1\win32\debug\graficos-1.exp
e:\personal\engine\graficos-1\graficos-1\objs\graficos-1.ilk
e:\personal\engine\graficos-1\graficos-1\win32\debug\graficos-1.exe
e:\personal\engine\graficos-1\graficos-1\win32\debug\graficos-1.pdb
e:\personal\engine\graficos-1\graficos-1\win32\debug\graficos-1.lib
e:\personal\engine\graficos-1\graficos-1\win32\debug\graficos-1.exp
e:\personal\engine_graficos2\engine\graficos-1\objs\vc142.idb
e:\personal\engine_graficos2\engine\graficos-1\objs\vc142.pdb
e:\personal\engine_graficos2\engine\graficos-1\win32\debug\graficos-1.pdb
e:\personal\engine_graficos2\engine\graficos-1\objs\graficos-1.vcxproj.filelistabsolute.txt
e:\personal\engine_graficos2\engine\graficos-1\objs\graficos-1.tlog\cl.command.1.tlog
e:\personal\engine_graficos2\engine\graficos-1\objs\graficos-1.tlog\cl.read.1.tlog
e:\personal\engine_graficos2\engine\graficos-1\objs\graficos-1.tlog\cl.write.1.tlog
e:\personal\engine_graficos2\engine\graficos-1\objs\graficos-1.tlog\graficos-1.write.1u.tlog
e:\personal\engine_graficos2\engine\graficos-1\objs\graficos-1.tlog\link-cvtres.read.1.tlog
e:\personal\engine_graficos2\engine\graficos-1\objs\graficos-1.tlog\link-cvtres.write.1.tlog
e:\personal\engine_graficos2\engine\graficos-1\objs\graficos-1.tlog\link-rc.read.1.tlog
e:\personal\engine_graficos2\engine\graficos-1\objs\graficos-1.tlog\link-rc.write.1.tlog
e:\personal\engine_graficos2\engine\graficos-1\objs\graficos-1.tlog\link.command.1.tlog
e:\personal\engine_graficos2\engine\graficos-1\objs\graficos-1.tlog\link.delete.1.tlog
e:\personal\engine_graficos2\engine\graficos-1\objs\graficos-1.tlog\link.read.1.tlog
e:\personal\engine_graficos2\engine\graficos-1\objs\graficos-1.tlog\link.write.1.tlog
e:\personal\engine_graficos2\engine\graficos-1\objs\graficos-1.tlog\link.write.2u.tlog
